<?xml version="1.0" encoding="UTF-8"?>
<robot generator="Robot 7.0 (Python 3.12.1 on win32)" generated="2024-06-22T03:08:43.520898" rpa="false" schemaversion="5">
<suite id="s1" name="Test" source="c:\Users\BigON\Documents\PROJECTS\4Q Ordo Tests\tests\test.robot">
<test id="s1-t1" name="Test" line="11">
<kw name="Nastav index pre xpath" owner="1o_new_order">
<kw name="Set Variable" owner="BuiltIn">
<msg time="2024-06-22T03:08:44.764840" level="INFO">${variable} = 90</msg>
<var>${variable}</var>
<arg>${index}</arg>
<doc>Returns the given values which can then be assigned to a variables.</doc>
<status status="PASS" start="2024-06-22T03:08:44.755831" elapsed="0.022993"/>
</kw>
<kw name="Create List" owner="BuiltIn">
<msg time="2024-06-22T03:08:44.790818" level="INFO">${xpath...} = ["xpath=//android.view.View[@text,'list-view']//android.view.View//android.widget.ScrollView", '[90]']</msg>
<var>${xpath...}</var>
<arg>${xpath}</arg>
<arg>[${index}]</arg>
<doc>Returns a list containing given items.</doc>
<status status="PASS" start="2024-06-22T03:08:44.780818" elapsed="0.011001"/>
</kw>
<kw name="Set Variable" owner="BuiltIn">
<msg time="2024-06-22T03:08:44.795823" level="INFO">${xpath} = xpath=//android.view.View[@text,'list-view']//android.view.View//android.widget.ScrollView[90]</msg>
<var>${xpath}</var>
<arg>${xpath...}[0]${xpath...}[1]</arg>
<doc>Returns the given values which can then be assigned to a variables.</doc>
<status status="PASS" start="2024-06-22T03:08:44.793821" elapsed="0.003002"/>
</kw>
<kw name="Log To Console" owner="BuiltIn">
<arg>'${index}'</arg>
<doc>Logs the given message to the console.</doc>
<status status="PASS" start="2024-06-22T03:08:44.797823" elapsed="0.002000"/>
</kw>
<kw name="Log To Console" owner="BuiltIn">
<arg>'${xpath}'</arg>
<doc>Logs the given message to the console.</doc>
<status status="PASS" start="2024-06-22T03:08:44.801822" elapsed="0.001996"/>
</kw>
<return>
<value>${xpath}</value>
<status status="PASS" start="2024-06-22T03:08:44.804822" elapsed="0.000998"/>
</return>
<arg>${index_polozka}</arg>
<arg>${polozka}</arg>
<arg>${90}</arg>
<doc>vyber xpat pre ktoru cheš nastaviť index cety</doc>
<status status="PASS" start="2024-06-22T03:08:44.726826" elapsed="0.080992"/>
</kw>
<status status="PASS" start="2024-06-22T03:08:44.719826" elapsed="0.091996"/>
</test>
<status status="PASS" start="2024-06-22T03:08:43.554892" elapsed="1.273930"/>
</suite>
<statistics>
<total>
<stat pass="1" fail="0" skip="0">All Tests</stat>
</total>
<tag>
</tag>
<suite>
<stat pass="1" fail="0" skip="0" id="s1" name="Test">Test</stat>
</suite>
</statistics>
<errors>
</errors>
</robot>
